c:\users\esfand\devcpp\winsock\iocp_cp\debug\iocp.pch
c:\users\esfand\devcpp\winsock\iocp_cp\debug\vc141.pdb
c:\users\esfand\devcpp\winsock\iocp_cp\debug\vc141.idb
c:\users\esfand\devcpp\winsock\iocp_cp\debug\stdafx.sbr
c:\users\esfand\devcpp\winsock\iocp_cp\debug\stdafx.obj
c:\users\esfand\devcpp\winsock\iocp_cp\debug\mylistctrl.sbr
c:\users\esfand\devcpp\winsock\iocp_cp\debug\myiocp.sbr
c:\users\esfand\devcpp\winsock\iocp_cp\debug\iocpsettingsdlg.sbr
c:\users\esfand\devcpp\winsock\iocp_cp\debug\iocps.sbr
c:\users\esfand\devcpp\winsock\iocp_cp\debug\iocpdlg.sbr
c:\users\esfand\devcpp\winsock\iocp_cp\debug\iocpbuffer.sbr
c:\users\esfand\devcpp\winsock\iocp_cp\debug\iocp.sbr
c:\users\esfand\devcpp\winsock\iocp_cp\debug\historyedit.sbr
c:\users\esfand\devcpp\winsock\iocp_cp\debug\historyedit.obj
c:\users\esfand\devcpp\winsock\iocp_cp\debug\iocp.obj
c:\users\esfand\devcpp\winsock\iocp_cp\debug\iocpbuffer.obj
c:\users\esfand\devcpp\winsock\iocp_cp\debug\iocpdlg.obj
c:\users\esfand\devcpp\winsock\iocp_cp\debug\iocpsettingsdlg.obj
c:\users\esfand\devcpp\winsock\iocp_cp\debug\myiocp.obj
c:\users\esfand\devcpp\winsock\iocp_cp\debug\mylistctrl.obj
c:\users\esfand\devcpp\winsock\iocp_cp\debug\iocp.tlog\cl.command.1.tlog
c:\users\esfand\devcpp\winsock\iocp_cp\debug\iocp.tlog\cl.read.1.tlog
c:\users\esfand\devcpp\winsock\iocp_cp\debug\iocp.tlog\cl.write.1.tlog
